CRITICAL - 2024-04-02 13:56:55 --> ErrorException: Namespace declaration statement has to be the very first statement or after any declare call in the script
in APPPATH\Controllers\OrdenController.php on line 4.
 1 [internal function]: CodeIgniter\Debug\Exceptions->shutdownHandler()
CRITICAL - 2024-04-02 13:56:56 --> ErrorException: Namespace declaration statement has to be the very first statement or after any declare call in the script
in APPPATH\Controllers\OrdenController.php on line 4.
 1 [internal function]: CodeIgniter\Debug\Exceptions->shutdownHandler()
CRITICAL - 2024-04-02 13:58:51 --> ErrorException: Namespace declaration statement has to be the very first statement or after any declare call in the script
in APPPATH\Controllers\DispositivoController.php on line 4.
 1 [internal function]: CodeIgniter\Debug\Exceptions->shutdownHandler()
INFO - 2024-04-02 13:59:04 --> REDIRECTED ROUTE at http://localhost/computrack/public/facturas/crear
CRITICAL - 2024-04-02 13:59:04 --> ErrorException: Namespace declaration statement has to be the very first statement or after any declare call in the script
in APPPATH\Controllers\facturaController.php on line 4.
 1 [internal function]: CodeIgniter\Debug\Exceptions->shutdownHandler()
CRITICAL - 2024-04-02 14:00:17 --> ErrorException: Namespace declaration statement has to be the very first statement or after any declare call in the script
in APPPATH\Controllers\DispositivoController.php on line 4.
 1 [internal function]: CodeIgniter\Debug\Exceptions->shutdownHandler()
INFO - 2024-04-02 14:01:03 --> REDIRECTED ROUTE at http://localhost/computrack/public/facturas/crear
INFO - 2024-04-02 14:03:18 --> REDIRECTED ROUTE at http://localhost/computrack/public/facturas/crear
INFO - 2024-04-02 14:04:20 --> REDIRECTED ROUTE at http://localhost/computrack/public/facturas/crear
INFO - 2024-04-02 14:06:54 --> REDIRECTED ROUTE at http://localhost/computrack/public/facturas/crear
